2016-04-21 11:05:15,902 [main] INFO  org.reflections.Reflections - Reflections took 74 ms to scan 1 urls, producing 32 keys and 181 values 
2016-04-21 11:05:15,922 [main] WARN  com.baidu.disconf.client.scan.inner.statically.strategy.ScanStaticStrategy - disconf file hasn't any items: com.baidu.disconf.client.test.model.EmptyConf
2016-04-21 11:05:15,926 [main] INFO  com.baidu.disconf.client.utils.ScanPrinterUtils - Now we will print store map......
2016-04-21 11:05:15,926 [main] INFO  com.baidu.disconf.client.utils.ScanPrinterUtils - ====================================
2016-04-21 11:05:15,926 [main] INFO  com.baidu.disconf.client.utils.ScanPrinterUtils - indexName:MethodParameterScanner
2016-04-21 11:05:15,927 [main] INFO  com.baidu.disconf.client.utils.ScanPrinterUtils - 		[double]: [com.baidu.disconf.client.test.model.StaticConf.setStaticvar2(double)]
2016-04-21 11:05:15,927 [main] INFO  com.baidu.disconf.client.utils.ScanPrinterUtils - 		[java.lang.Class, com.baidu.disconf.core.common.restful.core.RemoteUrl, int, int]: [com.baidu.disconf.client.test.fetcher.inner.restful.RestfulMgrMock.getJsonData(java.lang.Class, com.baidu.disconf.core.common.restful.core.RemoteUrl, int, int)]
2016-04-21 11:05:15,927 [main] INFO  com.baidu.disconf.client.utils.ScanPrinterUtils - 		[]: [com.baidu.disconf.client.test.watch.WatchMgrTestCase.<init>(), com.baidu.disconf.client.test.watch.mock.WatchMgrMock.<init>(), com.baidu.disconf.client.test.watch.mock.WatchMgrMock.release(), com.baidu.disconf.client.test.utils.TestAntPathMatcher.<init>(), com.baidu.disconf.client.test.utils.TestAntPathMatcher.testUrlMatch(), com.baidu.disconf.client.test.utils.NetUtils.<init>(), com.baidu.disconf.client.test.utils.NetUtils.<clinit>(), com.baidu.disconf.client.test.utils.DirUtils.<init>(), com.baidu.disconf.client.test.utils.DirUtils.createTempDirectory(), com.baidu.disconf.client.test.TestSuite.<init>(), com.baidu.disconf.client.test.store.DisconfStoreMgrTestCase.<init>(), com.baidu.disconf.client.test.scan.ScanMgrTestCase.<init>(), com.baidu.disconf.client.test.scan.ScanMgrTestCase.scan(), com.baidu.disconf.client.test.scan.ScanMgrTestCase.<clinit>(), com.baidu.disconf.client.test.scan.inner.ScanPackTestCase.<init>(), com.baidu.disconf.client.test.scan.inner.ScanPackTestCase.scan(), com.baidu.disconf.client.test.scan.inner.ScanPackTestCase.<clinit>(), com.baidu.disconf.client.test.model.StaticConf.<init>(), com.baidu.disconf.client.test.model.StaticConf.getStaticVar(), com.baidu.disconf.client.test.model.StaticConf.getStaticvar(), com.baidu.disconf.client.test.model.StaticConf.getStaticvar2(), com.baidu.disconf.client.test.model.StaticConf.<clinit>(), com.baidu.disconf.client.test.model.ServiceAUpdateCallback.<init>(), com.baidu.disconf.client.test.model.ServiceAUpdateCallback.reload(), com.baidu.disconf.client.test.model.ServiceAUpdateCallback.<clinit>(), com.baidu.disconf.client.test.model.ServiceA2UpdateCallback.<init>(), com.baidu.disconf.client.test.model.ServiceA2UpdateCallback.reload(), com.baidu.disconf.client.test.model.ServiceA2UpdateCallback.<clinit>(), com.baidu.disconf.client.test.model.ServiceA.<init>(), com.baidu.disconf.client.test.model.ServiceA.calcMoneyA(), com.baidu.disconf.client.test.model.ServiceA.calcMoneyA2(), com.baidu.disconf.client.test.model.ServiceA.getVarAA(), com.baidu.disconf.client.test.model.IgnoreConfB.<init>(), com.baidu.disconf.client.test.model.IgnoreConfB.getVarA(), com.baidu.disconf.client.test.model.IgnoreConfB.getVarA2(), com.baidu.disconf.client.test.model.EmptyConf.<init>(), com.baidu.disconf.client.test.model.ConfA.<init>(), com.baidu.disconf.client.test.model.ConfA.getVarA(), com.baidu.disconf.client.test.model.ConfA.getVarA2(), com.baidu.disconf.client.test.json.JsonTranslate.<init>(), com.baidu.disconf.client.test.json.JsonTranslate.test(), com.baidu.disconf.client.test.fetcher.inner.restful.RestfulMgrMock.<init>(), com.baidu.disconf.client.test.fetcher.inner.restful.RestfulMgrMock.close(), com.baidu.disconf.client.test.fetcher.FetcherMgrMgrTestCase.<init>(), com.baidu.disconf.client.test.fetcher.FetcherMgrMgrTestCase.testGetValueFromServer(), com.baidu.disconf.client.test.fetcher.FetcherMgrMgrTestCase.testDownloadFileFromServer(), com.baidu.disconf.client.test.fetcher.FetcherMgrMgrTestCase.<clinit>(), com.baidu.disconf.client.test.DisconfMgrTestCase.<init>(), com.baidu.disconf.client.test.DisconfMgrTestCase.demo(), com.baidu.disconf.client.test.DisconfMgrTestCase.getApplicationContext(), com.baidu.disconf.client.test.DisconfMgrTestCase.<clinit>(), com.baidu.disconf.client.test.core.DisconfCoreMgrTestCase.<init>(), com.baidu.disconf.client.test.config.ConfigMgrTestCase.<init>(), com.baidu.disconf.client.test.common.BaseSpringTestCase.<init>(), com.baidu.disconf.client.test.common.BaseSpringTestCase.pass(), com.baidu.disconf.client.test.common.BaseSpringTestCase.checkNetWork(), com.baidu.disconf.client.test.common.BaseSpringTestCase.<clinit>(), com.baidu.disconf.client.test.common.BaseSpringMockTestCase.<init>(), com.baidu.disconf.client.test.common.BaseSpringMockTestCase.pass(), com.baidu.disconf.client.test.common.BaseSpringMockTestCase.checkNetWork(), com.baidu.disconf.client.test.common.BaseSpringMockTestCase.<clinit>()]
2016-04-21 11:05:15,927 [main] INFO  com.baidu.disconf.client.utils.ScanPrinterUtils - 		java.lang.Object: [com.baidu.disconf.client.test.fetcher.inner.restful.RestfulMgrMock.getJsonData(java.lang.Class, com.baidu.disconf.core.common.restful.core.RemoteUrl, int, int)]
2016-04-21 11:05:15,927 [main] INFO  com.baidu.disconf.client.utils.ScanPrinterUtils - 		[com.baidu.disconf.client.test.json.JsonTranslate]: [com.baidu.disconf.client.test.json.JsonTranslate$1.<init>(com.baidu.disconf.client.test.json.JsonTranslate)]
2016-04-21 11:05:15,927 [main] INFO  com.baidu.disconf.client.utils.ScanPrinterUtils - 		int: [com.baidu.disconf.client.test.model.StaticConf.getStaticVar(), com.baidu.disconf.client.test.model.StaticConf.getStaticvar(), com.baidu.disconf.client.test.model.ServiceA.getVarAA()]
2016-04-21 11:05:15,928 [main] INFO  com.baidu.disconf.client.utils.ScanPrinterUtils - 		[int]: [com.baidu.disconf.client.test.model.StaticConf.setStaticVar(int), com.baidu.disconf.client.test.model.StaticConf.setStaticvar(int), com.baidu.disconf.client.test.model.ServiceA.setVarAA(int)]
2016-04-21 11:05:15,928 [main] INFO  com.baidu.disconf.client.utils.ScanPrinterUtils - 		[java.lang.Long]: [com.baidu.disconf.client.test.model.IgnoreConfB.setVarA(java.lang.Long), com.baidu.disconf.client.test.model.IgnoreConfB.setVarA2(java.lang.Long), com.baidu.disconf.client.test.model.ConfA.setVarA(java.lang.Long), com.baidu.disconf.client.test.model.ConfA.setVarA2(java.lang.Long)]
2016-04-21 11:05:15,928 [main] INFO  com.baidu.disconf.client.utils.ScanPrinterUtils - 		java.lang.Long: [com.baidu.disconf.client.test.model.IgnoreConfB.getVarA(), com.baidu.disconf.client.test.model.IgnoreConfB.getVarA2(), com.baidu.disconf.client.test.model.ConfA.getVarA(), com.baidu.disconf.client.test.model.ConfA.getVarA2()]
2016-04-21 11:05:15,928 [main] INFO  com.baidu.disconf.client.utils.ScanPrinterUtils - 		java.lang.String: [com.baidu.disconf.client.test.fetcher.inner.restful.RestfulMgrMock.downloadFromServer(com.baidu.disconf.core.common.restful.core.RemoteUrl, java.lang.String, java.lang.String, java.lang.String, java.lang.String, boolean, int, int)]
2016-04-21 11:05:15,928 [main] INFO  com.baidu.disconf.client.utils.ScanPrinterUtils - 		void: [com.baidu.disconf.client.test.watch.WatchMgrTestCase.<init>(), com.baidu.disconf.client.test.watch.mock.WatchMgrMock.<init>(), com.baidu.disconf.client.test.watch.mock.WatchMgrMock.init(java.lang.String, java.lang.String, boolean), com.baidu.disconf.client.test.watch.mock.WatchMgrMock.watchPath(com.baidu.disconf.client.core.processor.DisconfCoreProcessor, com.baidu.disconf.client.common.model.DisConfCommonModel, java.lang.String, com.baidu.disconf.core.common.constants.DisConfigTypeEnum, java.lang.String), com.baidu.disconf.client.test.watch.mock.WatchMgrMock.release(), com.baidu.disconf.client.test.utils.TestAntPathMatcher.<init>(), com.baidu.disconf.client.test.utils.TestAntPathMatcher.testUrlMatch(), com.baidu.disconf.client.test.utils.NetUtils.<init>(), com.baidu.disconf.client.test.utils.NetUtils.<clinit>(), com.baidu.disconf.client.test.utils.DirUtils.<init>(), com.baidu.disconf.client.test.TestSuite.<init>(), com.baidu.disconf.client.test.store.DisconfStoreMgrTestCase.<init>(), com.baidu.disconf.client.test.scan.ScanMgrTestCase.<init>(), com.baidu.disconf.client.test.scan.ScanMgrTestCase.scan(), com.baidu.disconf.client.test.scan.ScanMgrTestCase.<clinit>(), com.baidu.disconf.client.test.scan.inner.ScanPackTestCase.<init>(), com.baidu.disconf.client.test.scan.inner.ScanPackTestCase.scan(), com.baidu.disconf.client.test.scan.inner.ScanPackTestCase.<clinit>(), com.baidu.disconf.client.test.model.StaticConf.<init>(), com.baidu.disconf.client.test.model.StaticConf.setStaticVar(int), com.baidu.disconf.client.test.model.StaticConf.setStaticvar(int), com.baidu.disconf.client.test.model.StaticConf.setStaticvar2(double), com.baidu.disconf.client.test.model.StaticConf.<clinit>(), com.baidu.disconf.client.test.model.ServiceAUpdateCallback.<init>(), com.baidu.disconf.client.test.model.ServiceAUpdateCallback.reload(), com.baidu.disconf.client.test.model.ServiceAUpdateCallback.<clinit>(), com.baidu.disconf.client.test.model.ServiceA2UpdateCallback.<init>(), com.baidu.disconf.client.test.model.ServiceA2UpdateCallback.reload(), com.baidu.disconf.client.test.model.ServiceA2UpdateCallback.<clinit>(), com.baidu.disconf.client.test.model.ServiceA.<init>(), com.baidu.disconf.client.test.model.ServiceA.setVarAA(int), com.baidu.disconf.client.test.model.IgnoreConfB.<init>(), com.baidu.disconf.client.test.model.IgnoreConfB.setVarA(java.lang.Long), com.baidu.disconf.client.test.model.IgnoreConfB.setVarA2(java.lang.Long), com.baidu.disconf.client.test.model.EmptyConf.<init>(), com.baidu.disconf.client.test.model.ConfA.<init>(), com.baidu.disconf.client.test.model.ConfA.setVarA(java.lang.Long), com.baidu.disconf.client.test.model.ConfA.setVarA2(java.lang.Long), com.baidu.disconf.client.test.json.JsonTranslate.<init>(), com.baidu.disconf.client.test.json.JsonTranslate.test(), com.baidu.disconf.client.test.json.JsonTranslate$1.<init>(com.baidu.disconf.client.test.json.JsonTranslate), com.baidu.disconf.client.test.fetcher.inner.restful.RestfulMgrMock.<init>(), com.baidu.disconf.client.test.fetcher.inner.restful.RestfulMgrMock.close(), com.baidu.disconf.client.test.fetcher.FetcherMgrMgrTestCase.<init>(), com.baidu.disconf.client.test.fetcher.FetcherMgrMgrTestCase.testGetValueFromServer(), com.baidu.disconf.client.test.fetcher.FetcherMgrMgrTestCase.testDownloadFileFromServer(), com.baidu.disconf.client.test.fetcher.FetcherMgrMgrTestCase.<clinit>(), com.baidu.disconf.client.test.DisconfMgrTestCase.<init>(), com.baidu.disconf.client.test.DisconfMgrTestCase.demo(), com.baidu.disconf.client.test.DisconfMgrTestCase.setApplicationContext(org.springframework.context.ApplicationContext), com.baidu.disconf.client.test.DisconfMgrTestCase.<clinit>(), com.baidu.disconf.client.test.DisconfMgrTestCase$1.<init>(com.baidu.disconf.client.test.DisconfMgrTestCase), com.baidu.disconf.client.test.core.DisconfCoreMgrTestCase.<init>(), com.baidu.disconf.client.test.config.ConfigMgrTestCase.<init>(), com.baidu.disconf.client.test.common.BaseSpringTestCase.<init>(), com.baidu.disconf.client.test.common.BaseSpringTestCase.pass(), com.baidu.disconf.client.test.common.BaseSpringTestCase.<clinit>(), com.baidu.disconf.client.test.common.BaseSpringMockTestCase.<init>(), com.baidu.disconf.client.test.common.BaseSpringMockTestCase.pass(), com.baidu.disconf.client.test.common.BaseSpringMockTestCase.<clinit>()]
2016-04-21 11:05:15,928 [main] INFO  com.baidu.disconf.client.utils.ScanPrinterUtils - 		double: [com.baidu.disconf.client.test.model.StaticConf.getStaticvar2()]
2016-04-21 11:05:15,928 [main] INFO  com.baidu.disconf.client.utils.ScanPrinterUtils - 		long: [com.baidu.disconf.client.test.model.ServiceA.calcMoneyA(), com.baidu.disconf.client.test.model.ServiceA.calcMoneyA2()]
2016-04-21 11:05:15,928 [main] INFO  com.baidu.disconf.client.utils.ScanPrinterUtils - 		[java.lang.String]: [com.baidu.disconf.client.test.utils.NetUtils.pingUrl(java.lang.String)]
2016-04-21 11:05:15,928 [main] INFO  com.baidu.disconf.client.utils.ScanPrinterUtils - 		com.baidu.disconf.client.core.DisconfCoreMgr: [com.baidu.disconf.client.test.DisconfMgrTestCase$1.getDisconfCoreMgr(com.baidu.disconf.client.support.registry.Registry)]
2016-04-21 11:05:15,928 [main] INFO  com.baidu.disconf.client.utils.ScanPrinterUtils - 		[com.baidu.disconf.client.support.registry.Registry]: [com.baidu.disconf.client.test.DisconfMgrTestCase$1.getDisconfCoreMgr(com.baidu.disconf.client.support.registry.Registry)]
2016-04-21 11:05:15,928 [main] INFO  com.baidu.disconf.client.utils.ScanPrinterUtils - 		org.springframework.context.ApplicationContext: [com.baidu.disconf.client.test.DisconfMgrTestCase.getApplicationContext()]
2016-04-21 11:05:15,928 [main] INFO  com.baidu.disconf.client.utils.ScanPrinterUtils - 		[java.lang.String, java.lang.String, boolean]: [com.baidu.disconf.client.test.watch.mock.WatchMgrMock.init(java.lang.String, java.lang.String, boolean)]
2016-04-21 11:05:15,929 [main] INFO  com.baidu.disconf.client.utils.ScanPrinterUtils - 		java.io.File: [com.baidu.disconf.client.test.utils.DirUtils.createTempDirectory()]
2016-04-21 11:05:15,929 [main] INFO  com.baidu.disconf.client.utils.ScanPrinterUtils - 		[com.baidu.disconf.client.core.processor.DisconfCoreProcessor, com.baidu.disconf.client.common.model.DisConfCommonModel, java.lang.String, com.baidu.disconf.core.common.constants.DisConfigTypeEnum, java.lang.String]: [com.baidu.disconf.client.test.watch.mock.WatchMgrMock.watchPath(com.baidu.disconf.client.core.processor.DisconfCoreProcessor, com.baidu.disconf.client.common.model.DisConfCommonModel, java.lang.String, com.baidu.disconf.core.common.constants.DisConfigTypeEnum, java.lang.String)]
2016-04-21 11:05:15,929 [main] INFO  com.baidu.disconf.client.utils.ScanPrinterUtils - 		boolean: [com.baidu.disconf.client.test.utils.NetUtils.pingUrl(java.lang.String), com.baidu.disconf.client.test.common.BaseSpringTestCase.checkNetWork(), com.baidu.disconf.client.test.common.BaseSpringMockTestCase.checkNetWork()]
2016-04-21 11:05:15,929 [main] INFO  com.baidu.disconf.client.utils.ScanPrinterUtils - 		[com.baidu.disconf.client.test.DisconfMgrTestCase]: [com.baidu.disconf.client.test.DisconfMgrTestCase$1.<init>(com.baidu.disconf.client.test.DisconfMgrTestCase)]
2016-04-21 11:05:15,929 [main] INFO  com.baidu.disconf.client.utils.ScanPrinterUtils - 		[org.springframework.context.ApplicationContext]: [com.baidu.disconf.client.test.DisconfMgrTestCase.setApplicationContext(org.springframework.context.ApplicationContext)]
2016-04-21 11:05:15,929 [main] INFO  com.baidu.disconf.client.utils.ScanPrinterUtils - 		[com.baidu.disconf.core.common.restful.core.RemoteUrl, java.lang.String, java.lang.String, java.lang.String, java.lang.String, boolean, int, int]: [com.baidu.disconf.client.test.fetcher.inner.restful.RestfulMgrMock.downloadFromServer(com.baidu.disconf.core.common.restful.core.RemoteUrl, java.lang.String, java.lang.String, java.lang.String, java.lang.String, boolean, int, int)]
2016-04-21 11:05:15,929 [main] INFO  com.baidu.disconf.client.utils.ScanPrinterUtils - ====================================
2016-04-21 11:05:15,929 [main] INFO  com.baidu.disconf.client.utils.ScanPrinterUtils - indexName:FieldAnnotationsScanner
2016-04-21 11:05:15,929 [main] INFO  com.baidu.disconf.client.utils.ScanPrinterUtils - ====================================
2016-04-21 11:05:15,929 [main] INFO  com.baidu.disconf.client.utils.ScanPrinterUtils - indexName:SubTypesScanner
2016-04-21 11:05:15,929 [main] INFO  com.baidu.disconf.client.utils.ScanPrinterUtils - 		com.baidu.disconf.client.test.common.BaseSpringMockTestCase: [com.baidu.disconf.client.test.DisconfMgrTestCase]
2016-04-21 11:05:15,929 [main] INFO  com.baidu.disconf.client.utils.ScanPrinterUtils - 		com.baidu.disconf.client.common.update.IDisconfUpdate: [com.baidu.disconf.client.test.model.ServiceAUpdateCallback, com.baidu.disconf.client.test.model.ServiceA2UpdateCallback]
2016-04-21 11:05:15,929 [main] INFO  com.baidu.disconf.client.utils.ScanPrinterUtils - 		com.baidu.disconf.client.test.common.BaseSpringTestCase: [com.baidu.disconf.client.test.watch.WatchMgrTestCase, com.baidu.disconf.client.test.store.DisconfStoreMgrTestCase, com.baidu.disconf.client.test.scan.ScanMgrTestCase, com.baidu.disconf.client.test.scan.inner.ScanPackTestCase, com.baidu.disconf.client.test.json.JsonTranslate, com.baidu.disconf.client.test.fetcher.FetcherMgrMgrTestCase, com.baidu.disconf.client.test.core.DisconfCoreMgrTestCase, com.baidu.disconf.client.test.config.ConfigMgrTestCase]
2016-04-21 11:05:15,930 [main] INFO  com.baidu.disconf.client.utils.ScanPrinterUtils - 		com.baidu.disconf.core.test.common.BaseCoreTestCase: [com.baidu.disconf.client.test.common.BaseSpringMockTestCase]
2016-04-21 11:05:15,930 [main] INFO  com.baidu.disconf.client.utils.ScanPrinterUtils - ====================================
2016-04-21 11:05:15,930 [main] INFO  com.baidu.disconf.client.utils.ScanPrinterUtils - indexName:MethodAnnotationsScanner
2016-04-21 11:05:15,930 [main] INFO  com.baidu.disconf.client.utils.ScanPrinterUtils - 		com.baidu.disconf.client.common.annotations.DisconfItem: [com.baidu.disconf.client.test.model.ServiceA.getVarAA()]
2016-04-21 11:05:15,930 [main] INFO  com.baidu.disconf.client.utils.ScanPrinterUtils - 		com.baidu.disconf.client.common.annotations.DisconfFileItem: [com.baidu.disconf.client.test.model.StaticConf.getStaticVar(), com.baidu.disconf.client.test.model.StaticConf.getStaticvar2(), com.baidu.disconf.client.test.model.IgnoreConfB.getVarA(), com.baidu.disconf.client.test.model.IgnoreConfB.getVarA2(), com.baidu.disconf.client.test.model.ConfA.getVarA(), com.baidu.disconf.client.test.model.ConfA.getVarA2()]
2016-04-21 11:05:15,930 [main] INFO  com.baidu.disconf.client.utils.ScanPrinterUtils - ====================================
2016-04-21 11:05:15,930 [main] INFO  com.baidu.disconf.client.utils.ScanPrinterUtils - indexName:TypeAnnotationsScanner
2016-04-21 11:05:15,930 [main] INFO  com.baidu.disconf.client.utils.ScanPrinterUtils - 		com.baidu.disconf.client.common.annotations.DisconfUpdateService: [com.baidu.disconf.client.test.model.ServiceAUpdateCallback, com.baidu.disconf.client.test.model.ServiceA2UpdateCallback]
2016-04-21 11:05:15,930 [main] INFO  com.baidu.disconf.client.utils.ScanPrinterUtils - 		com.baidu.disconf.client.common.annotations.DisconfFile: [com.baidu.disconf.client.test.model.StaticConf, com.baidu.disconf.client.test.model.IgnoreConfB, com.baidu.disconf.client.test.model.EmptyConf, com.baidu.disconf.client.test.model.ConfA]
2016-04-21 11:05:15,930 [main] INFO  com.baidu.disconf.client.test.scan.inner.ScanPackTestCase - =============DISCONF FILE ITEM===================
2016-04-21 11:05:15,930 [main] INFO  com.baidu.disconf.client.utils.ScanPrinterUtils - public static double com.baidu.disconf.client.test.model.StaticConf.getStaticvar2()
2016-04-21 11:05:15,930 [main] INFO  com.baidu.disconf.client.utils.ScanPrinterUtils - public static int com.baidu.disconf.client.test.model.StaticConf.getStaticVar()
2016-04-21 11:05:15,930 [main] INFO  com.baidu.disconf.client.utils.ScanPrinterUtils - public java.lang.Long com.baidu.disconf.client.test.model.IgnoreConfB.getVarA2()
2016-04-21 11:05:15,931 [main] INFO  com.baidu.disconf.client.utils.ScanPrinterUtils - public java.lang.Long com.baidu.disconf.client.test.model.IgnoreConfB.getVarA()
2016-04-21 11:05:15,931 [main] INFO  com.baidu.disconf.client.utils.ScanPrinterUtils - public java.lang.Long com.baidu.disconf.client.test.model.ConfA.getVarA()
2016-04-21 11:05:15,931 [main] INFO  com.baidu.disconf.client.utils.ScanPrinterUtils - public java.lang.Long com.baidu.disconf.client.test.model.ConfA.getVarA2()
2016-04-21 11:05:15,931 [main] INFO  com.baidu.disconf.client.test.scan.inner.ScanPackTestCase - =============DISCONF FILE===================
2016-04-21 11:05:15,931 [main] INFO  com.baidu.disconf.client.test.scan.inner.ScanPackTestCase - =============DISCONF ITEM===================
2016-04-21 11:05:15,931 [main] INFO  com.baidu.disconf.client.utils.ScanPrinterUtils - public int com.baidu.disconf.client.test.model.ServiceA.getVarAA()
2016-04-21 11:05:15,931 [main] INFO  com.baidu.disconf.client.test.scan.inner.ScanPackTestCase - =============DISCONF ACTIVE BACKUP===================
2016-04-21 11:05:15,931 [main] INFO  com.baidu.disconf.client.test.scan.inner.ScanPackTestCase - =============DISCONF Update service===================
2016-04-21 11:05:15,931 [main] INFO  com.baidu.disconf.client.utils.ScanPrinterUtils - class com.baidu.disconf.client.test.model.ServiceAUpdateCallback
2016-04-21 11:05:15,931 [main] INFO  com.baidu.disconf.client.utils.ScanPrinterUtils - class com.baidu.disconf.client.test.model.ServiceA2UpdateCallback
2016-04-21 11:05:15,962 [main] DEBUG com.baidu.disconf.client.fetcher.impl.FetcherMgrImpl - remote server return: ValueVo [status=1, message=, value=10000]
2016-04-21 11:05:16,100 [main] INFO  wiremock.org.mortbay.log - Logging to Logger[wiremock.org.mortbay.log] via wiremock.org.mortbay.log.Slf4jLog
2016-04-21 11:05:16,146 [main] INFO  wiremock.org.mortbay.log - jetty-6.1.x
2016-04-21 11:05:16,156 [main] INFO  wiremock.org.mortbay.log - Started DelayableSocketConnector@0.0.0.0:9289
2016-04-21 11:05:16,555 [684762404@qtp-520409475-0] INFO  /__admin - RequestHandlerClass from context returned com.github.tomakehurst.wiremock.http.AdminRequestHandler
2016-04-21 11:05:16,717 [main] INFO  wiremock.org.mortbay.log - Stopped DelayableSocketConnector@0.0.0.0:9289
2016-04-21 11:05:16,880 [main] INFO  wiremock.org.mortbay.log - jetty-6.1.x
2016-04-21 11:05:16,881 [main] INFO  wiremock.org.mortbay.log - Started DelayableSocketConnector@0.0.0.0:9289
2016-04-21 11:05:16,899 [1678913269@qtp-1303513988-0] INFO  /__admin - RequestHandlerClass from context returned com.github.tomakehurst.wiremock.http.AdminRequestHandler
2016-04-21 11:05:17,002 [main] INFO  com.baidu.disconf.client.test.DisconfMgrTestCase - ================ BEFORE DISCONF ==============================
2016-04-21 11:05:17,002 [main] INFO  com.baidu.disconf.client.test.DisconfMgrTestCase - before disconf values:
2016-04-21 11:05:17,039 [main] INFO  com.baidu.disconf.client.test.DisconfMgrTestCase - varA: 15
2016-04-21 11:05:17,039 [main] INFO  com.baidu.disconf.client.test.DisconfMgrTestCase - varA2: 25
2016-04-21 11:05:17,047 [main] INFO  com.baidu.disconf.client.test.DisconfMgrTestCase - varAA: 10
2016-04-21 11:05:17,047 [main] INFO  com.baidu.disconf.client.test.DisconfMgrTestCase - ================ BEFORE DISCONF ==============================
2016-04-21 11:05:17,059 [main] INFO  com.baidu.disconf.client.config.ConfigMgr - --------------- LOAD CONFIG START ---------------
2016-04-21 11:05:17,065 [main] INFO  com.baidu.disconf.client.config.ConfigMgr - Finer print: EAP64006A8B4AD0_0_bc3be514-d81f-417f-b222-86ef548b6590
2016-04-21 11:05:17,074 [main] INFO  com.baidu.disconf.core.common.utils.ClassLoaderUtil - classpath: /C:/000fold/workspace/iframme/taotao/taotao-disconf/taotao-disconf-client/target/test-classes/
2016-04-21 11:05:17,084 [main] DEBUG com.baidu.disconf.client.config.inner.DisInnerConfigHelper - SERVER CONF_SERVER_STORE_ACTION: /api/config
2016-04-21 11:05:17,084 [main] DEBUG com.baidu.disconf.client.config.inner.DisInnerConfigHelper - SERVER CONF_SERVER_ZOO_ACTION: /api/zoo
2016-04-21 11:05:17,084 [main] DEBUG com.baidu.disconf.client.config.inner.DisInnerConfigHelper - SERVER CONF_SERVER_MASTER_NUM_ACTION Action URL: /api/getmasterinfo
2016-04-21 11:05:17,084 [main] DEBUG com.baidu.disconf.client.config.inner.DisInnerConfigHelper - SERVER LOCAL_DOWNLOAD_DIR: ./disconf/download
2016-04-21 11:05:17,093 [main] INFO  com.baidu.disconf.client.config.inner.DisInnerConfigHelper - SERVER disconf.conf_server_host: [127.0.0.1:9289, 127.0.0.1:9289]
2016-04-21 11:05:17,093 [main] INFO  com.baidu.disconf.client.config.inner.DisInnerConfigHelper - SERVER disconf.version: 1_0_0_0
2016-04-21 11:05:17,093 [main] INFO  com.baidu.disconf.client.config.inner.DisInnerConfigHelper - SERVER disconf.app: disconf_testcase
2016-04-21 11:05:17,093 [main] INFO  com.baidu.disconf.client.config.inner.DisInnerConfigHelper - SERVER disconf.env: rd
2016-04-21 11:05:17,093 [main] INFO  com.baidu.disconf.client.config.inner.DisInnerConfigHelper - SERVER disconf.enable.remote.conf: true
2016-04-21 11:05:17,093 [main] INFO  com.baidu.disconf.client.config.inner.DisInnerConfigHelper - SERVER disconf.debug: true
2016-04-21 11:05:17,093 [main] INFO  com.baidu.disconf.client.config.inner.DisInnerConfigHelper - SERVER disconf.user_define_download_dir: ./disconf/download
2016-04-21 11:05:17,094 [main] INFO  com.baidu.disconf.client.config.inner.DisInnerConfigHelper - SERVER ignore: [ignoreB.properties]
2016-04-21 11:05:17,094 [main] DEBUG com.baidu.disconf.client.config.inner.DisInnerConfigHelper - SERVER conf_server_url_retry_times: 3
2016-04-21 11:05:17,094 [main] DEBUG com.baidu.disconf.client.config.inner.DisInnerConfigHelper - SERVER conf_server_url_retry_sleep_seconds: 5
2016-04-21 11:05:17,094 [main] DEBUG com.baidu.disconf.client.config.inner.DisInnerConfigHelper - classpath: /C:/000fold/workspace/iframme/taotao/taotao-disconf/taotao-disconf-client/target/test-classes/
2016-04-21 11:05:17,094 [main] INFO  com.baidu.disconf.client.config.ConfigMgr - --------------- LOAD CONFIG END ---------------
2016-04-21 11:05:17,094 [main] INFO  com.baidu.disconf.client.DisconfMgr - ******************************* DISCONF START FIRST SCAN *******************************
2016-04-21 11:05:17,126 [main] DEBUG com.baidu.disconf.client.scan.impl.ScanMgrImpl - start to scan package: [com.baidu.disconf.client.test]
2016-04-21 11:05:17,166 [main] INFO  org.reflections.Reflections - Reflections took 39 ms to scan 1 urls, producing 32 keys and 181 values 
2016-04-21 11:05:17,167 [main] WARN  com.baidu.disconf.client.scan.inner.statically.strategy.ScanStaticStrategy - disconf file hasn't any items: com.baidu.disconf.client.test.model.EmptyConf
2016-04-21 11:05:17,374 [main] DEBUG com.baidu.disconf.client.core.processor.impl.DisconfFileCoreProcessorImpl - ==============	start to process disconf file: empty.properties	=============================
2016-04-21 11:05:17,377 [main] DEBUG com.baidu.disconf.core.common.restful.type.FetchConfFile - start to download. From: http://127.0.0.1:9289/api/config/file?app=disconf_testcase&env=rd&type=0&key=empty.properties&version=1_0_0_0 , TO: C:\000fold\workspace\iframme\taotao\taotao-disconf\taotao-disconf-client\.\disconf\download\empty.properties-a13b9a2afbae40d3909a513282ab4eff
2016-04-21 11:05:17,382 [1727602178@qtp-1303513988-2] INFO  / - RequestHandlerClass from context returned com.github.tomakehurst.wiremock.http.StubRequestHandler
2016-04-21 11:05:17,392 [main] DEBUG com.baidu.disconf.core.common.restful.type.FetchConfFile - download success!  C:\000fold\workspace\iframme\taotao\taotao-disconf\taotao-disconf-client\.\disconf\download\empty.properties-a13b9a2afbae40d3909a513282ab4eff
2016-04-21 11:05:17,394 [main] DEBUG com.baidu.disconf.core.common.utils.OsUtil - start to replace C:\000fold\workspace\iframme\taotao\taotao-disconf\taotao-disconf-client\.\disconf\download\empty.properties-a13b9a2afbae40d3909a513282ab4eff to C:\000fold\workspace\iframme\taotao\taotao-disconf\taotao-disconf-client\.\disconf\download\empty.properties
2016-04-21 11:05:17,403 [main] DEBUG com.baidu.disconf.core.common.utils.OsUtil - start to replace C:\000fold\workspace\iframme\taotao\taotao-disconf\taotao-disconf-client\.\disconf\download\empty.properties-a13b9a2afbae40d3909a513282ab4eff to C:\000fold\workspace\iframme\taotao\taotao-disconf\taotao-disconf-client\target\test-classes\empty.properties
2016-04-21 11:05:17,407 [main] DEBUG com.baidu.disconf.core.common.restful.impl.RestfulMgrImpl - Move to: C:\000fold\workspace\iframme\taotao\taotao-disconf\taotao-disconf-client\target\test-classes\empty.properties
2016-04-21 11:05:17,407 [main] DEBUG com.baidu.disconf.client.core.processor.impl.DisconfFileCoreProcessorImpl - download ok.
2016-04-21 11:05:17,418 [main] DEBUG com.baidu.disconf.client.core.filetype.FileTypeProcessorUtils - confa.varA	1000
2016-04-21 11:05:17,418 [main] DEBUG com.baidu.disconf.client.core.filetype.FileTypeProcessorUtils - confa.varA2	2000
2016-04-21 11:05:17,422 [main] DEBUG com.baidu.disconf.client.core.processor.impl.DisconfFileCoreProcessorImpl - inject ok.
2016-04-21 11:05:17,423 [main] DEBUG com.baidu.disconf.client.core.processor.impl.DisconfFileCoreProcessorImpl - watch ok.
2016-04-21 11:05:17,423 [main] DEBUG com.baidu.disconf.client.core.processor.impl.DisconfFileCoreProcessorImpl - ==============	start to process disconf file: atomserverm_slave.properties	=============================
2016-04-21 11:05:17,424 [main] DEBUG com.baidu.disconf.core.common.restful.type.FetchConfFile - start to download. From: http://127.0.0.1:9289/api/config/file?app=disconf_testcase&env=rd&type=0&key=atomserverm_slave.properties&version=1_0_0_0 , TO: C:\000fold\workspace\iframme\taotao\taotao-disconf\taotao-disconf-client\.\disconf\download\atomserverm_slave.properties-ecf27282555a46049eac9b4cdbb77b9c
2016-04-21 11:05:17,426 [main] DEBUG com.baidu.disconf.core.common.restful.type.FetchConfFile - download success!  C:\000fold\workspace\iframme\taotao\taotao-disconf\taotao-disconf-client\.\disconf\download\atomserverm_slave.properties-ecf27282555a46049eac9b4cdbb77b9c
2016-04-21 11:05:17,427 [main] DEBUG com.baidu.disconf.core.common.utils.OsUtil - start to replace C:\000fold\workspace\iframme\taotao\taotao-disconf\taotao-disconf-client\.\disconf\download\atomserverm_slave.properties-ecf27282555a46049eac9b4cdbb77b9c to C:\000fold\workspace\iframme\taotao\taotao-disconf\taotao-disconf-client\.\disconf\download\atomserverm_slave.properties
2016-04-21 11:05:17,435 [main] DEBUG com.baidu.disconf.core.common.utils.OsUtil - start to replace C:\000fold\workspace\iframme\taotao\taotao-disconf\taotao-disconf-client\.\disconf\download\atomserverm_slave.properties-ecf27282555a46049eac9b4cdbb77b9c to C:\000fold\workspace\iframme\taotao\taotao-disconf\taotao-disconf-client\target\test-classes\atomserverm_slave.properties
2016-04-21 11:05:17,439 [main] DEBUG com.baidu.disconf.core.common.restful.impl.RestfulMgrImpl - Move to: C:\000fold\workspace\iframme\taotao\taotao-disconf\taotao-disconf-client\target\test-classes\atomserverm_slave.properties
2016-04-21 11:05:17,440 [main] DEBUG com.baidu.disconf.client.core.processor.impl.DisconfFileCoreProcessorImpl - download ok.
2016-04-21 11:05:17,444 [main] DEBUG com.baidu.disconf.client.core.filetype.FileTypeProcessorUtils - server	10.23.247.6:16700,10.23.247.22:16700,10.65.25.6:16700,10.65.25.7:16700
2016-04-21 11:05:17,444 [main] DEBUG com.baidu.disconf.client.core.filetype.FileTypeProcessorUtils - retry	3
2016-04-21 11:05:17,444 [main] DEBUG com.baidu.disconf.client.core.processor.impl.DisconfFileCoreProcessorImpl - inject ok.
2016-04-21 11:05:17,445 [main] DEBUG com.baidu.disconf.client.core.processor.impl.DisconfFileCoreProcessorImpl - watch ok.
2016-04-21 11:05:17,445 [main] DEBUG com.baidu.disconf.client.core.processor.impl.DisconfFileCoreProcessorImpl - ==============	start to process disconf file: atomserverl.properties	=============================
2016-04-21 11:05:17,445 [main] DEBUG com.baidu.disconf.core.common.restful.type.FetchConfFile - start to download. From: http://127.0.0.1:9289/api/config/file?app=disconf_testcase&env=rd&type=0&key=atomserverl.properties&version=1_0_0_0 , TO: C:\000fold\workspace\iframme\taotao\taotao-disconf\taotao-disconf-client\.\disconf\download\atomserverl.properties-b02144fc5a7543e0a1d282ee733c1e0c
2016-04-21 11:05:17,447 [main] DEBUG com.baidu.disconf.core.common.restful.type.FetchConfFile - download success!  C:\000fold\workspace\iframme\taotao\taotao-disconf\taotao-disconf-client\.\disconf\download\atomserverl.properties-b02144fc5a7543e0a1d282ee733c1e0c
2016-04-21 11:05:17,448 [main] DEBUG com.baidu.disconf.core.common.utils.OsUtil - start to replace C:\000fold\workspace\iframme\taotao\taotao-disconf\taotao-disconf-client\.\disconf\download\atomserverl.properties-b02144fc5a7543e0a1d282ee733c1e0c to C:\000fold\workspace\iframme\taotao\taotao-disconf\taotao-disconf-client\.\disconf\download\atomserverl.properties
2016-04-21 11:05:17,456 [main] DEBUG com.baidu.disconf.core.common.utils.OsUtil - start to replace C:\000fold\workspace\iframme\taotao\taotao-disconf\taotao-disconf-client\.\disconf\download\atomserverl.properties-b02144fc5a7543e0a1d282ee733c1e0c to C:\000fold\workspace\iframme\taotao\taotao-disconf\taotao-disconf-client\target\test-classes\atomserverl.properties
2016-04-21 11:05:17,460 [main] DEBUG com.baidu.disconf.core.common.restful.impl.RestfulMgrImpl - Move to: C:\000fold\workspace\iframme\taotao\taotao-disconf\taotao-disconf-client\target\test-classes\atomserverl.properties
2016-04-21 11:05:17,461 [main] DEBUG com.baidu.disconf.client.core.processor.impl.DisconfFileCoreProcessorImpl - download ok.
2016-04-21 11:05:17,466 [main] DEBUG com.baidu.disconf.client.core.filetype.FileTypeProcessorUtils - server	10.81.11.243:16600,10.81.11.243:16602,10.81.11.243:16603
2016-04-21 11:05:17,466 [main] DEBUG com.baidu.disconf.client.core.filetype.FileTypeProcessorUtils - retry	3
2016-04-21 11:05:17,466 [main] DEBUG com.baidu.disconf.client.core.processor.impl.DisconfFileCoreProcessorImpl - inject ok.
2016-04-21 11:05:17,466 [main] DEBUG com.baidu.disconf.client.core.processor.impl.DisconfFileCoreProcessorImpl - watch ok.
2016-04-21 11:05:17,467 [main] DEBUG com.baidu.disconf.client.core.processor.impl.DisconfFileCoreProcessorImpl - ==============	start to process disconf file: staticConf.properties	=============================
2016-04-21 11:05:17,467 [main] DEBUG com.baidu.disconf.core.common.restful.type.FetchConfFile - start to download. From: http://127.0.0.1:9289/api/config/file?app=disconf_testcase&env=rd&type=0&key=staticConf.properties&version=1_0_0_0 , TO: C:\000fold\workspace\iframme\taotao\taotao-disconf\taotao-disconf-client\.\disconf\download\staticConf.properties-6d0aa3a4a6d241aeb34d4103ea5847a0
2016-04-21 11:05:17,470 [main] DEBUG com.baidu.disconf.core.common.restful.type.FetchConfFile - download success!  C:\000fold\workspace\iframme\taotao\taotao-disconf\taotao-disconf-client\.\disconf\download\staticConf.properties-6d0aa3a4a6d241aeb34d4103ea5847a0
2016-04-21 11:05:17,470 [main] DEBUG com.baidu.disconf.core.common.utils.OsUtil - start to replace C:\000fold\workspace\iframme\taotao\taotao-disconf\taotao-disconf-client\.\disconf\download\staticConf.properties-6d0aa3a4a6d241aeb34d4103ea5847a0 to C:\000fold\workspace\iframme\taotao\taotao-disconf\taotao-disconf-client\.\disconf\download\staticConf.properties
2016-04-21 11:05:17,479 [main] DEBUG com.baidu.disconf.core.common.utils.OsUtil - start to replace C:\000fold\workspace\iframme\taotao\taotao-disconf\taotao-disconf-client\.\disconf\download\staticConf.properties-6d0aa3a4a6d241aeb34d4103ea5847a0 to C:\000fold\workspace\iframme\taotao\taotao-disconf\taotao-disconf-client\target\test-classes\staticConf.properties
2016-04-21 11:05:17,483 [main] DEBUG com.baidu.disconf.core.common.restful.impl.RestfulMgrImpl - Move to: C:\000fold\workspace\iframme\taotao\taotao-disconf\taotao-disconf-client\target\test-classes\staticConf.properties
2016-04-21 11:05:17,483 [main] DEBUG com.baidu.disconf.client.core.processor.impl.DisconfFileCoreProcessorImpl - download ok.
2016-04-21 11:05:17,488 [main] DEBUG com.baidu.disconf.client.core.filetype.FileTypeProcessorUtils - staticvar2	100
2016-04-21 11:05:17,488 [main] DEBUG com.baidu.disconf.client.core.filetype.FileTypeProcessorUtils - staticvar	50
2016-04-21 11:05:17,488 [main] DEBUG com.baidu.disconf.client.core.processor.impl.DisconfFileCoreProcessorImpl - inject ok.
2016-04-21 11:05:17,489 [main] DEBUG com.baidu.disconf.client.core.processor.impl.DisconfFileCoreProcessorImpl - watch ok.
2016-04-21 11:05:17,489 [main] DEBUG com.baidu.disconf.client.core.processor.impl.DisconfFileCoreProcessorImpl - ==============	start to process disconf file: confA.properties	=============================
2016-04-21 11:05:17,489 [main] DEBUG com.baidu.disconf.core.common.restful.type.FetchConfFile - start to download. From: http://127.0.0.1:9289/api/config/file?app=disconf_testcase&env=rd&type=0&key=confA.properties&version=1_0_0_0 , TO: C:\000fold\workspace\iframme\taotao\taotao-disconf\taotao-disconf-client\.\disconf\download\confA.properties-f439b8fe44794ad5938958537a5e9943
2016-04-21 11:05:17,491 [main] DEBUG com.baidu.disconf.core.common.restful.type.FetchConfFile - download success!  C:\000fold\workspace\iframme\taotao\taotao-disconf\taotao-disconf-client\.\disconf\download\confA.properties-f439b8fe44794ad5938958537a5e9943
2016-04-21 11:05:17,492 [main] DEBUG com.baidu.disconf.core.common.utils.OsUtil - start to replace C:\000fold\workspace\iframme\taotao\taotao-disconf\taotao-disconf-client\.\disconf\download\confA.properties-f439b8fe44794ad5938958537a5e9943 to C:\000fold\workspace\iframme\taotao\taotao-disconf\taotao-disconf-client\.\disconf\download\confA.properties
2016-04-21 11:05:17,501 [main] DEBUG com.baidu.disconf.core.common.utils.OsUtil - start to replace C:\000fold\workspace\iframme\taotao\taotao-disconf\taotao-disconf-client\.\disconf\download\confA.properties-f439b8fe44794ad5938958537a5e9943 to C:\000fold\workspace\iframme\taotao\taotao-disconf\taotao-disconf-client\target\test-classes\confA.properties
2016-04-21 11:05:17,505 [main] DEBUG com.baidu.disconf.core.common.restful.impl.RestfulMgrImpl - Move to: C:\000fold\workspace\iframme\taotao\taotao-disconf\taotao-disconf-client\target\test-classes\confA.properties
2016-04-21 11:05:17,505 [main] DEBUG com.baidu.disconf.client.core.processor.impl.DisconfFileCoreProcessorImpl - download ok.
2016-04-21 11:05:17,510 [main] DEBUG com.baidu.disconf.client.core.filetype.FileTypeProcessorUtils - confa.varA	1000
2016-04-21 11:05:17,510 [main] DEBUG com.baidu.disconf.client.core.filetype.FileTypeProcessorUtils - confa.varA2	2000
2016-04-21 11:05:17,510 [main] DEBUG com.baidu.disconf.client.core.processor.impl.DisconfFileCoreProcessorImpl - inject ok.
2016-04-21 11:05:17,510 [main] DEBUG com.baidu.disconf.client.core.processor.impl.DisconfFileCoreProcessorImpl - watch ok.
2016-04-21 11:05:17,511 [main] DEBUG com.baidu.disconf.client.core.processor.impl.DisconfItemCoreProcessorImpl - ==============	start to process disconf item: keyA	=============================
2016-04-21 11:05:17,516 [main] DEBUG com.baidu.disconf.core.common.utils.http.HttpClientUtil - request: content-type	application/json
2016-04-21 11:05:17,566 [main] DEBUG com.baidu.disconf.core.common.utils.http.HttpClientUtil - response header: Content-Type	application/json
2016-04-21 11:05:17,566 [main] DEBUG com.baidu.disconf.core.common.utils.http.HttpClientUtil - response header: Content-Length	40
2016-04-21 11:05:17,566 [main] DEBUG com.baidu.disconf.core.common.utils.http.HttpClientUtil - response header: Server	Jetty(6.1.x)
2016-04-21 11:05:17,567 [main] INFO  com.baidu.disconf.core.common.utils.http.HttpClientUtil - execute http request [null], status code [200]
2016-04-21 11:05:17,573 [main] DEBUG com.baidu.disconf.client.fetcher.impl.FetcherMgrImpl - remote server return: ValueVo [status=1, message=, value=1000]
2016-04-21 11:05:17,574 [main] DEBUG com.baidu.disconf.client.core.processor.impl.DisconfItemCoreProcessorImpl - value: 1000
2016-04-21 11:05:17,574 [main] DEBUG com.baidu.disconf.client.core.processor.impl.DisconfItemCoreProcessorImpl - download ok.
2016-04-21 11:05:17,574 [main] DEBUG com.baidu.disconf.client.core.processor.impl.DisconfItemCoreProcessorImpl - inject ok.
2016-04-21 11:05:17,574 [main] DEBUG com.baidu.disconf.client.core.processor.impl.DisconfItemCoreProcessorImpl - watch ok.
2016-04-21 11:05:17,574 [main] INFO  com.baidu.disconf.client.DisconfMgr - ******************************* DISCONF END FIRST SCAN *******************************
2016-04-21 11:05:17,574 [main] INFO  com.baidu.disconf.client.DisconfMgr - ******************************* DISCONF START SECOND SCAN *******************************
2016-04-21 11:05:17,587 [main] DEBUG com.baidu.disconf.client.core.processor.impl.DisconfFileCoreProcessorImpl - ==============	start to inject value to disconf file item instance: empty.properties	=============================
2016-04-21 11:05:17,587 [main] DEBUG com.baidu.disconf.client.core.processor.impl.DisconfFileCoreProcessorImpl - ==============	start to inject value to disconf file item instance: atomserverm_slave.properties	=============================
2016-04-21 11:05:17,588 [main] DEBUG com.baidu.disconf.client.core.processor.impl.DisconfFileCoreProcessorImpl - ==============	start to inject value to disconf file item instance: atomserverl.properties	=============================
2016-04-21 11:05:17,588 [main] DEBUG com.baidu.disconf.client.core.processor.impl.DisconfFileCoreProcessorImpl - ==============	start to inject value to disconf file item instance: staticConf.properties	=============================
2016-04-21 11:05:17,589 [main] DEBUG com.baidu.disconf.client.store.processor.impl.DisconfStoreFileProcessorImpl - staticvar2 is a static field. 
2016-04-21 11:05:17,589 [main] DEBUG com.baidu.disconf.client.store.processor.impl.DisconfStoreFileProcessorImpl - staticvar is a static field. 
2016-04-21 11:05:17,589 [main] DEBUG com.baidu.disconf.client.core.processor.impl.DisconfFileCoreProcessorImpl - ==============	start to inject value to disconf file item instance: confA.properties	=============================
2016-04-21 11:05:17,589 [main] DEBUG com.baidu.disconf.client.store.processor.impl.DisconfStoreFileProcessorImpl - confa.varA is a non-static field. 
2016-04-21 11:05:17,589 [main] DEBUG com.baidu.disconf.client.store.processor.impl.DisconfStoreFileProcessorImpl - confa.varA2 is a non-static field. 
2016-04-21 11:05:17,590 [main] DEBUG com.baidu.disconf.client.core.processor.impl.DisconfItemCoreProcessorImpl - ==============	start to inject value to disconf item instance: keyA	=============================
2016-04-21 11:05:17,590 [main] DEBUG com.baidu.disconf.client.store.processor.impl.DisconfStoreItemProcessorImpl - keyA is a non-static field. 
2016-04-21 11:05:17,591 [main] INFO  com.baidu.disconf.client.DisconfMgr - Conf File Map: 
disconf-file:	empty.properties	
	DisconfCenterFile [
	keyMaps={}
	cls=class com.baidu.disconf.client.test.model.EmptyConf
	fileName=empty.properties
	copy2TargetDirPath=
	DisconfCenterBaseModel [
	object=com.baidu.disconf.client.test.model.EmptyConf@6386fd87
	remoteServerUrl=/api/config/file?app=disconf_testcase&env=rd&type=0&key=empty.properties&version=1_0_0_0
	disConfCommonModel=DisConfCommonModel [app=disconf_testcase, version=1_0_0_0, env=rd]
	disconfCommonCallbackModel=DisconfCommonCallbackModel{disconfConfUpdates=[], disconfUpdatesActiveBackups=[]}]]
disconf-file:	atomserverm_slave.properties	
	DisconfCenterFile [
	keyMaps={}
	cls=null
	fileName=atomserverm_slave.properties
	copy2TargetDirPath=null
	DisconfCenterBaseModel [
	object=null
	remoteServerUrl=/api/config/file?app=disconf_testcase&env=rd&type=0&key=atomserverm_slave.properties&version=1_0_0_0
	disConfCommonModel=DisConfCommonModel [app=disconf_testcase, version=1_0_0_0, env=rd]
	disconfCommonCallbackModel=DisconfCommonCallbackModel{disconfConfUpdates=[], disconfUpdatesActiveBackups=[]}]]
disconf-file:	atomserverl.properties	
	DisconfCenterFile [
	keyMaps={}
	cls=null
	fileName=atomserverl.properties
	copy2TargetDirPath=null
	DisconfCenterBaseModel [
	object=null
	remoteServerUrl=/api/config/file?app=disconf_testcase&env=rd&type=0&key=atomserverl.properties&version=1_0_0_0
	disConfCommonModel=DisConfCommonModel [app=disconf_testcase, version=1_0_0_0, env=rd]
	disconfCommonCallbackModel=DisconfCommonCallbackModel{disconfConfUpdates=[], disconfUpdatesActiveBackups=[]}]]
disconf-file:	staticConf.properties	
	DisconfCenterFile [
	keyMaps={staticvar2=FileItemValue{value=100.0, field=private static double com.baidu.disconf.client.test.model.StaticConf.staticvar2, setMethod=public static void com.baidu.disconf.client.test.model.StaticConf.setStaticvar2(double)}, staticvar=FileItemValue{value=50, field=private static int com.baidu.disconf.client.test.model.StaticConf.staticvar, setMethod=public static void com.baidu.disconf.client.test.model.StaticConf.setStaticvar(int)}}
	cls=class com.baidu.disconf.client.test.model.StaticConf
	fileName=staticConf.properties
	copy2TargetDirPath=
	DisconfCenterBaseModel [
	object=null
	remoteServerUrl=/api/config/file?app=disconf_testcase&env=rd&type=0&key=staticConf.properties&version=1_0_0_0
	disConfCommonModel=DisConfCommonModel [app=disconf_testcase, version=1_0_0_0, env=rd]
	disconfCommonCallbackModel=DisconfCommonCallbackModel{disconfConfUpdates=[], disconfUpdatesActiveBackups=[]}]]
disconf-file:	confA.properties	
	DisconfCenterFile [
	keyMaps={confa.varA=FileItemValue{value=1000, field=private java.lang.Long com.baidu.disconf.client.test.model.ConfA.varA, setMethod=public void com.baidu.disconf.client.test.model.ConfA.setVarA(java.lang.Long)}, confa.varA2=FileItemValue{value=2000, field=private java.lang.Long com.baidu.disconf.client.test.model.ConfA.varA2, setMethod=public void com.baidu.disconf.client.test.model.ConfA.setVarA2(java.lang.Long)}}
	cls=class com.baidu.disconf.client.test.model.ConfA
	fileName=confA.properties
	copy2TargetDirPath=
	DisconfCenterBaseModel [
	object=com.baidu.disconf.client.test.model.ConfA@36c32fc9
	remoteServerUrl=/api/config/file?app=disconf_testcase&env=rd&type=0&key=confA.properties&version=1_0_0_0
	disConfCommonModel=DisConfCommonModel [app=disconf_testcase, version=1_0_0_0, env=rd]
	disconfCommonCallbackModel=DisconfCommonCallbackModel{disconfConfUpdates=[com.baidu.disconf.client.test.model.ServiceAUpdateCallback@336edd1d, com.baidu.disconf.client.test.model.ServiceA2UpdateCallback@3376b54c], disconfUpdatesActiveBackups=[]}]]

2016-04-21 11:05:17,591 [main] INFO  com.baidu.disconf.client.DisconfMgr - Conf Item Map: 
disItem:	keyA	
	DisconfCenterItem [
	key=keyA
	value=1000
	field=private int com.baidu.disconf.client.test.model.ServiceA.varAA
	DisconfCenterBaseModel [
	object=com.baidu.disconf.client.test.model.ServiceA@22a241ed
	remoteServerUrl=/api/config/item?app=disconf_testcase&env=rd&type=1&key=keyA&version=1_0_0_0
	disConfCommonModel=DisConfCommonModel [app=disconf_testcase, version=1_0_0_0, env=rd]
	disconfCommonCallbackModel=DisconfCommonCallbackModel{disconfConfUpdates=[com.baidu.disconf.client.test.model.ServiceAUpdateCallback@336edd1d], disconfUpdatesActiveBackups=[]}]]

2016-04-21 11:05:17,591 [main] INFO  com.baidu.disconf.client.DisconfMgr - ******************************* DISCONF END *******************************
2016-04-21 11:05:17,591 [main] INFO  com.baidu.disconf.client.test.DisconfMgrTestCase - 
disconf-file:	empty.properties	
	DisconfCenterFile [
	keyMaps={}
	cls=class com.baidu.disconf.client.test.model.EmptyConf
	fileName=empty.properties
	copy2TargetDirPath=
	DisconfCenterBaseModel [
	object=com.baidu.disconf.client.test.model.EmptyConf@6386fd87
	remoteServerUrl=/api/config/file?app=disconf_testcase&env=rd&type=0&key=empty.properties&version=1_0_0_0
	disConfCommonModel=DisConfCommonModel [app=disconf_testcase, version=1_0_0_0, env=rd]
	disconfCommonCallbackModel=DisconfCommonCallbackModel{disconfConfUpdates=[], disconfUpdatesActiveBackups=[]}]]
disconf-file:	atomserverm_slave.properties	
	DisconfCenterFile [
	keyMaps={}
	cls=null
	fileName=atomserverm_slave.properties
	copy2TargetDirPath=null
	DisconfCenterBaseModel [
	object=null
	remoteServerUrl=/api/config/file?app=disconf_testcase&env=rd&type=0&key=atomserverm_slave.properties&version=1_0_0_0
	disConfCommonModel=DisConfCommonModel [app=disconf_testcase, version=1_0_0_0, env=rd]
	disconfCommonCallbackModel=DisconfCommonCallbackModel{disconfConfUpdates=[], disconfUpdatesActiveBackups=[]}]]
disconf-file:	atomserverl.properties	
	DisconfCenterFile [
	keyMaps={}
	cls=null
	fileName=atomserverl.properties
	copy2TargetDirPath=null
	DisconfCenterBaseModel [
	object=null
	remoteServerUrl=/api/config/file?app=disconf_testcase&env=rd&type=0&key=atomserverl.properties&version=1_0_0_0
	disConfCommonModel=DisConfCommonModel [app=disconf_testcase, version=1_0_0_0, env=rd]
	disconfCommonCallbackModel=DisconfCommonCallbackModel{disconfConfUpdates=[], disconfUpdatesActiveBackups=[]}]]
disconf-file:	staticConf.properties	
	DisconfCenterFile [
	keyMaps={staticvar2=FileItemValue{value=100.0, field=private static double com.baidu.disconf.client.test.model.StaticConf.staticvar2, setMethod=public static void com.baidu.disconf.client.test.model.StaticConf.setStaticvar2(double)}, staticvar=FileItemValue{value=50, field=private static int com.baidu.disconf.client.test.model.StaticConf.staticvar, setMethod=public static void com.baidu.disconf.client.test.model.StaticConf.setStaticvar(int)}}
	cls=class com.baidu.disconf.client.test.model.StaticConf
	fileName=staticConf.properties
	copy2TargetDirPath=
	DisconfCenterBaseModel [
	object=null
	remoteServerUrl=/api/config/file?app=disconf_testcase&env=rd&type=0&key=staticConf.properties&version=1_0_0_0
	disConfCommonModel=DisConfCommonModel [app=disconf_testcase, version=1_0_0_0, env=rd]
	disconfCommonCallbackModel=DisconfCommonCallbackModel{disconfConfUpdates=[], disconfUpdatesActiveBackups=[]}]]
disconf-file:	confA.properties	
	DisconfCenterFile [
	keyMaps={confa.varA=FileItemValue{value=1000, field=private java.lang.Long com.baidu.disconf.client.test.model.ConfA.varA, setMethod=public void com.baidu.disconf.client.test.model.ConfA.setVarA(java.lang.Long)}, confa.varA2=FileItemValue{value=2000, field=private java.lang.Long com.baidu.disconf.client.test.model.ConfA.varA2, setMethod=public void com.baidu.disconf.client.test.model.ConfA.setVarA2(java.lang.Long)}}
	cls=class com.baidu.disconf.client.test.model.ConfA
	fileName=confA.properties
	copy2TargetDirPath=
	DisconfCenterBaseModel [
	object=com.baidu.disconf.client.test.model.ConfA@36c32fc9
	remoteServerUrl=/api/config/file?app=disconf_testcase&env=rd&type=0&key=confA.properties&version=1_0_0_0
	disConfCommonModel=DisConfCommonModel [app=disconf_testcase, version=1_0_0_0, env=rd]
	disconfCommonCallbackModel=DisconfCommonCallbackModel{disconfConfUpdates=[com.baidu.disconf.client.test.model.ServiceAUpdateCallback@336edd1d, com.baidu.disconf.client.test.model.ServiceA2UpdateCallback@3376b54c], disconfUpdatesActiveBackups=[]}]]

2016-04-21 11:05:17,592 [main] INFO  com.baidu.disconf.client.test.DisconfMgrTestCase - 
disItem:	keyA	
	DisconfCenterItem [
	key=keyA
	value=1000
	field=private int com.baidu.disconf.client.test.model.ServiceA.varAA
	DisconfCenterBaseModel [
	object=com.baidu.disconf.client.test.model.ServiceA@22a241ed
	remoteServerUrl=/api/config/item?app=disconf_testcase&env=rd&type=1&key=keyA&version=1_0_0_0
	disConfCommonModel=DisConfCommonModel [app=disconf_testcase, version=1_0_0_0, env=rd]
	disconfCommonCallbackModel=DisconfCommonCallbackModel{disconfConfUpdates=[com.baidu.disconf.client.test.model.ServiceAUpdateCallback@336edd1d], disconfUpdatesActiveBackups=[]}]]

2016-04-21 11:05:17,592 [main] INFO  com.baidu.disconf.client.test.DisconfMgrTestCase - ================ AFTER DISCONF ==============================
2016-04-21 11:05:17,594 [main] DEBUG com.baidu.disconf.client.store.aspect.DisconfAspectJ - using disconf store value: confA.properties (confa.varA , 1000)
2016-04-21 11:05:17,594 [main] INFO  com.baidu.disconf.client.test.DisconfMgrTestCase - varA: 1000
2016-04-21 11:05:17,594 [main] DEBUG com.baidu.disconf.client.store.aspect.DisconfAspectJ - using disconf store value: confA.properties (confa.varA , 1000)
2016-04-21 11:05:17,594 [main] DEBUG com.baidu.disconf.client.store.aspect.DisconfAspectJ - using disconf store value: confA.properties (confa.varA2 , 2000)
2016-04-21 11:05:17,594 [main] INFO  com.baidu.disconf.client.test.DisconfMgrTestCase - varA2: 2000
2016-04-21 11:05:17,594 [main] DEBUG com.baidu.disconf.client.store.aspect.DisconfAspectJ - using disconf store value: confA.properties (confa.varA2 , 2000)
2016-04-21 11:05:17,595 [main] DEBUG com.baidu.disconf.client.store.aspect.DisconfAspectJ - using disconf store value: (keyA , 1000)
2016-04-21 11:05:17,595 [main] INFO  com.baidu.disconf.client.test.DisconfMgrTestCase - varAA: 1000
2016-04-21 11:05:17,595 [main] DEBUG com.baidu.disconf.client.store.aspect.DisconfAspectJ - using disconf store value: (keyA , 1000)
2016-04-21 11:05:17,595 [main] INFO  com.baidu.disconf.client.test.DisconfMgrTestCase - static var: 50
2016-04-21 11:05:17,595 [main] INFO  com.baidu.disconf.client.test.DisconfMgrTestCase - ================ AFTER DISCONF ==============================
2016-04-21 11:05:17,695 [main] INFO  wiremock.org.mortbay.log - Stopped DelayableSocketConnector@0.0.0.0:9289
